<?xml version="1.0" encoding="UTF-8"?>
<!-- Generated by org.testng.reporters.JUnitXMLReporter -->
<testsuite ignored="0" hostname="LAPTOP-NODR76HM" failures="0" tests="3" name="UserDeletePost" time="15.018" errors="0" timestamp="2022-03-20T05:46:23 IST">
  <testcase classname="Scripts.User.testUserDeletePost" name="launchApp" time="0.659"/>
  <testcase classname="Scripts.User.testUserDeletePost" name="verifyValidLogin" time="0.438"/>
  <testcase classname="Scripts.User.testUserDeletePost" name="deleteUserogin" time="8.0"/>
</testsuite> <!-- UserDeletePost -->
