<?xml version="1.0" encoding="UTF-8"?>
<!-- Generated by org.testng.reporters.JUnitXMLReporter -->
<testsuite ignored="0" hostname="Naveens-MacBook-Air.local" failures="0" tests="10" name="Regression" time="73.499" errors="0" timestamp="2022-03-09T15:57:04 IST">
  <testcase classname="Scripts.TestContactUs" name="verifyHomePageLogo" time="3.116"/>
  <testcase classname="Scripts.TestContactUs" name="verifyContactUsTitle" time="6.452"/>
  <testcase classname="Scripts.TestContactUs" name="verifyContactUsForm" time="9.36"/>
  <testcase classname="Scripts.TestContactUs" name="verifySendMessageWithoutName" time="9.207"/>
  <testcase classname="Scripts.TestContactUs" name="verifySendMessageWithoutEmail" time="6.114"/>
  <testcase classname="Scripts.TestContactUs" name="verifyContactlistItemsArePresent" time="3.097"/>
  <testcase classname="Scripts.TestContactUs" name="verifyTextInFooter" time="3.071"/>
  <testcase classname="Scripts.TestContactUs" name="verifySocialMediaImagesArePresent" time="3.099"/>
  <testcase classname="Scripts.TestContactUs" name="verifyContactListItemsArePresent" time="3.067"/>
  <testcase classname="Scripts.TestContactUs" name="verifyFooterLinks" time="17.049"/>
</testsuite> <!-- Regression -->
