<?xml version="1.0" encoding="UTF-8"?>
<testng-results ignored="0" total="10" passed="10" failed="0" skipped="0">
  <reporter-output>
  </reporter-output>
  <suite started-at="2022-03-09T15:55:51 IST" name="All Test Suite" finished-at="2022-03-09T15:57:04 IST" duration-ms="73499">
    <groups>
    </groups>
    <test started-at="2022-03-09T15:55:51 IST" name="Regression" finished-at="2022-03-09T15:57:04 IST" duration-ms="73499">
      <class name="Scripts.TestContactUs">
        <test-method is-config="true" signature="onSetup(java.lang.String)[pri:0, instance:Scripts.TestContactUs@6f3b5d16]" started-at="2022-03-09T15:55:51 IST" name="onSetup" finished-at="2022-03-09T15:56:00 IST" duration-ms="9411" status="PASS">
          <params>
            <param index="0">
              <value>
                <![CDATA[firefox]]>
              </value>
            </param>
          </params>
          <reporter-output>
          </reporter-output>
        </test-method> <!-- onSetup -->
        <test-method signature="verifyHomePageLogo()[pri:0, instance:Scripts.TestContactUs@6f3b5d16]" started-at="2022-03-09T15:56:00 IST" name="verifyHomePageLogo" finished-at="2022-03-09T15:56:03 IST" duration-ms="3116" status="PASS">
          <reporter-output>
          </reporter-output>
        </test-method> <!-- verifyHomePageLogo -->
        <test-method signature="verifyContactUsTitle()[pri:1, instance:Scripts.TestContactUs@6f3b5d16]" started-at="2022-03-09T15:56:03 IST" name="verifyContactUsTitle" finished-at="2022-03-09T15:56:10 IST" duration-ms="6452" status="PASS">
          <reporter-output>
          </reporter-output>
        </test-method> <!-- verifyContactUsTitle -->
        <test-method signature="verifyContactUsForm()[pri:2, instance:Scripts.TestContactUs@6f3b5d16]" started-at="2022-03-09T15:56:10 IST" name="verifyContactUsForm" finished-at="2022-03-09T15:56:19 IST" duration-ms="9360" status="PASS">
          <reporter-output>
          </reporter-output>
        </test-method> <!-- verifyContactUsForm -->
        <test-method signature="verifySendMessageWithoutName()[pri:3, instance:Scripts.TestContactUs@6f3b5d16]" started-at="2022-03-09T15:56:19 IST" name="verifySendMessageWithoutName" finished-at="2022-03-09T15:56:28 IST" duration-ms="9207" status="PASS">
          <reporter-output>
          </reporter-output>
        </test-method> <!-- verifySendMessageWithoutName -->
        <test-method signature="verifySendMessageWithoutEmail()[pri:4, instance:Scripts.TestContactUs@6f3b5d16]" started-at="2022-03-09T15:56:28 IST" name="verifySendMessageWithoutEmail" finished-at="2022-03-09T15:56:35 IST" duration-ms="6114" status="PASS">
          <reporter-output>
          </reporter-output>
        </test-method> <!-- verifySendMessageWithoutEmail -->
        <test-method signature="verifyContactlistItemsArePresent()[pri:5, instance:Scripts.TestContactUs@6f3b5d16]" started-at="2022-03-09T15:56:35 IST" name="verifyContactlistItemsArePresent" finished-at="2022-03-09T15:56:38 IST" duration-ms="3097" status="PASS">
          <reporter-output>
          </reporter-output>
        </test-method> <!-- verifyContactlistItemsArePresent -->
        <test-method signature="verifyTextInFooter()[pri:6, instance:Scripts.TestContactUs@6f3b5d16]" started-at="2022-03-09T15:56:38 IST" name="verifyTextInFooter" finished-at="2022-03-09T15:56:41 IST" duration-ms="3071" status="PASS">
          <reporter-output>
          </reporter-output>
        </test-method> <!-- verifyTextInFooter -->
        <test-method signature="verifySocialMediaImagesArePresent()[pri:7, instance:Scripts.TestContactUs@6f3b5d16]" started-at="2022-03-09T15:56:41 IST" name="verifySocialMediaImagesArePresent" finished-at="2022-03-09T15:56:44 IST" duration-ms="3099" status="PASS">
          <reporter-output>
          </reporter-output>
        </test-method> <!-- verifySocialMediaImagesArePresent -->
        <test-method signature="verifyContactListItemsArePresent()[pri:8, instance:Scripts.TestContactUs@6f3b5d16]" started-at="2022-03-09T15:56:44 IST" name="verifyContactListItemsArePresent" finished-at="2022-03-09T15:56:47 IST" duration-ms="3067" status="PASS">
          <reporter-output>
          </reporter-output>
        </test-method> <!-- verifyContactListItemsArePresent -->
        <test-method signature="verifyFooterLinks()[pri:8, instance:Scripts.TestContactUs@6f3b5d16]" started-at="2022-03-09T15:56:47 IST" name="verifyFooterLinks" finished-at="2022-03-09T15:57:04 IST" duration-ms="17049" status="PASS">
          <reporter-output>
          </reporter-output>
        </test-method> <!-- verifyFooterLinks -->
        <test-method is-config="true" signature="teardown()[pri:0, instance:Scripts.TestContactUs@6f3b5d16]" started-at="2022-03-09T15:57:04 IST" name="teardown" finished-at="2022-03-09T15:57:04 IST" duration-ms="412" status="PASS">
          <reporter-output>
          </reporter-output>
        </test-method> <!-- teardown -->
        <test-method is-config="true" signature="afterTestDone()[pri:0, instance:Scripts.TestContactUs@6f3b5d16]" started-at="2022-03-09T15:57:04 IST" name="afterTestDone" finished-at="2022-03-09T15:57:04 IST" duration-ms="0" status="PASS">
          <reporter-output>
          </reporter-output>
        </test-method> <!-- afterTestDone -->
      </class> <!-- Scripts.TestContactUs -->
    </test> <!-- Regression -->
  </suite> <!-- All Test Suite -->
</testng-results>
