<?xml version="1.0" encoding="UTF-8"?>
<!-- Generated by org.testng.reporters.JUnitXMLReporter -->
<testsuite ignored="0" hostname="DESKTOP-2RSQUL4" failures="0" tests="25" name="Regression" time="184.469" errors="0" timestamp="2022-03-20T14:55:09 GST">
  <testcase classname="Scripts.Admin.TestAdminLogin" name="VerifyInvalidUsernamePassword" time="6.224"/>
  <testcase classname="Scripts.Admin.TestAdminLogin" name="VerifyInvalidUsernameValidPassword" time="1.808"/>
  <testcase classname="Scripts.Admin.TestAdminLogin" name="VerifyValidUsernameInvalidPassword" time="1.638"/>
  <testcase classname="Scripts.Admin.TestAdminLogin" name="VerifyBlankUsernamePassword" time="0.679"/>
  <testcase classname="Scripts.Admin.TestAdminLogin" name="VerifyLoginAsAdmin" time="1.486"/>
  <testcase classname="Scripts.Admin.TestAdminLogin" name="VerifyTotalElementsLoginPage" time="0.17"/>
  <testcase classname="Scripts.Admin.TestAdminAddNewPost" name="VerifyAddnewPostWithBlanKdATA" time="2.782"/>
  <testcase classname="Scripts.Admin.TestAdminAddNewPost" name="VerifyAddnewPost" time="2.261"/>
  <testcase classname="Scripts.Admin.TestAdminAddNewPost" name="VerifyEditNewPostInHomepageInvalidData" time="5.621"/>
  <testcase classname="Scripts.Admin.TestAdminAddNewPost" name="VerifyEditNewPostInHomepage" time="9.001"/>
  <testcase classname="Scripts.Admin.TestAdminAddNewPost" name="VerifyDeletePostInHomepage" time="2.135"/>
  <testcase classname="Scripts.Admin.TestAdminAddNewPost" name="VerifyTotalElements" time="0.095"/>
  <testcase classname="Scripts.Admin.TestAdminAllPostPage" name="VerifyEditNewPostInAllPostpageINVALIDATA" time="5.006"/>
  <testcase classname="Scripts.Admin.TestAdminAllPostPage" name="VerifyEditNewPostInAllPostpage" time="3.343"/>
  <testcase classname="Scripts.Admin.TestAdminAllPostPage" name="VerifyDeletePostInAllPostpage" time="2.307"/>
  <testcase classname="Scripts.Admin.TestAdminMyPostPage" name="VerifyEditNewPostInMyPostpage" time="6.219"/>
  <testcase classname="Scripts.Admin.TestAdminMyPostPage" name="VerifyEditNewPostInMyPostpageINVALIDATA" time="5.469"/>
  <testcase classname="Scripts.Admin.TestAdminMyPostPage" name="VerifyDeletePostInMyPostpage" time="1.249"/>
  <testcase classname="Scripts.Admin.TestPostApprovalAndReject" name="VerifyLoginAsUser" time="2.075"/>
  <testcase classname="Scripts.Admin.TestPostApprovalAndReject" name="VerifyPostApproval" time="13.15"/>
  <testcase classname="Scripts.Admin.TestPostApprovalAndReject" name="VerifyPostReject" time="5.252"/>
  <testcase classname="Scripts.Admin.AddRemoveCategory" name="AddCategoryValidData" time="18.817"/>
  <testcase classname="Scripts.Admin.AddRemoveCategory" name="AddCategoryInVaildData" time="5.939"/>
  <testcase classname="Scripts.Admin.AddRemoveCategory" name="AddCategoryAlreadyExists" time="5.912"/>
  <testcase classname="Scripts.Admin.AddRemoveCategory" name="RemoveCategory" time="5.225"/>
</testsuite> <!-- Regression -->
