<?xml version="1.0" encoding="UTF-8"?>
<!-- Generated by org.testng.reporters.JUnitXMLReporter -->
<testsuite ignored="0" hostname="LAPTOP-NODR76HM" failures="0" tests="3" name="UserDelete" time="15.183" errors="0" timestamp="2022-03-20T12:34:11 IST">
  <testcase classname="Scripts.User.testUserDeletePost" name="launchApp" time="0.734"/>
  <testcase classname="Scripts.User.testUserDeletePost" name="verifyValidLogin" time="0.457"/>
  <testcase classname="Scripts.User.testUserDeletePost" name="deleteUserogin" time="8.209"/>
</testsuite> <!-- UserDelete -->
