<?xml version="1.0" encoding="UTF-8"?>
<!-- Generated by org.testng.reporters.JUnitXMLReporter -->
<testsuite ignored="0" hostname="LAPTOP-NODR76HM" failures="1" tests="3" name="UserDelete" time="10.923" errors="0" timestamp="2022-03-19T21:45:11 IST">
  <testcase classname="Scripts.User.testUserDeletePost" name="launchApp" time="0.514"/>
  <testcase classname="Scripts.User.testUserDeletePost" name="verifyValidLogin" time="0.446">
    <failure type="java.lang.AssertionError" message="expected [] but found [Password must contain 8 characters
(atleast one number one uppercase and one lowercase)]">
      <![CDATA[java.lang.AssertionError: expected [] but found [Password must contain 8 characters
(atleast one number one uppercase and one lowercase)]
at Scripts.User.testUserDeletePost.verifyValidLogin(testUserDeletePost.java:59)
at java.base/java.util.ArrayList.forEach(ArrayList.java:1511)
... Removed 34 stack frames]]>
    </failure>
  </testcase> <!-- verifyValidLogin -->
  <testcase classname="Scripts.User.testUserDeletePost" name="deleteUserogin" time="2.368"/>
</testsuite> <!-- UserDelete -->
